Warning: /usr/lib/sqoop/../accumulo does not exist! Accumulo imports will fail.
Please set $ACCUMULO_HOME to the root of your Accumulo installation.
18/06/10 23:35:53 INFO sqoop.Sqoop: Running Sqoop version: 1.4.6-cdh5.14.2
18/06/10 23:35:55 INFO manager.MySQLManager: Preparing to use a MySQL streaming resultset.
18/06/10 23:35:55 INFO tool.CodeGenTool: Beginning code generation
18/06/10 23:35:55 INFO manager.SqlManager: Executing SQL statement: SELECT t.* FROM `activitylog` AS t LIMIT 1
18/06/10 23:35:55 INFO manager.SqlManager: Executing SQL statement: SELECT t.* FROM `activitylog` AS t LIMIT 1
18/06/10 23:35:55 INFO orm.CompilationManager: HADOOP_MAPRED_HOME is /usr/lib/hadoop-mapreduce
Note: /tmp/sqoop-cloudera/compile/d3ed22ee51ebfa883627500286e5c12d/activitylog.java uses or overrides a deprecated API.
Note: Recompile with -Xlint:deprecation for details.
18/06/10 23:35:57 INFO orm.CompilationManager: Writing jar file: /tmp/sqoop-cloudera/compile/d3ed22ee51ebfa883627500286e5c12d/activitylog.jar
18/06/10 23:35:57 INFO tool.ImportTool: Maximal id query for free form incremental import: SELECT MAX(`id`) FROM `activitylog`
18/06/10 23:35:57 INFO tool.ImportTool: Incremental import based on column `id`
18/06/10 23:35:57 INFO tool.ImportTool: Lower bound value: 0
18/06/10 23:35:57 INFO tool.ImportTool: Upper bound value: 150
18/06/10 23:35:57 WARN manager.MySQLManager: It looks like you are importing from mysql.
18/06/10 23:35:57 WARN manager.MySQLManager: This transfer can be faster! Use the --direct
18/06/10 23:35:57 WARN manager.MySQLManager: option to exercise a MySQL-specific fast path.
18/06/10 23:35:57 INFO manager.MySQLManager: Setting zero DATETIME behavior to convertToNull (mysql)
18/06/10 23:35:57 INFO mapreduce.ImportJobBase: Beginning import of activitylog
18/06/10 23:35:57 INFO Configuration.deprecation: mapred.job.tracker is deprecated. Instead, use mapreduce.jobtracker.address
18/06/10 23:35:57 INFO Configuration.deprecation: mapred.jar is deprecated. Instead, use mapreduce.job.jar
18/06/10 23:35:57 INFO Configuration.deprecation: mapred.map.tasks is deprecated. Instead, use mapreduce.job.maps
18/06/10 23:35:57 INFO client.RMProxy: Connecting to ResourceManager at /0.0.0.0:8032
18/06/10 23:35:58 WARN hdfs.DFSClient: Caught exception 
java.lang.InterruptedException
	at java.lang.Object.wait(Native Method)
	at java.lang.Thread.join(Thread.java:1281)
	at java.lang.Thread.join(Thread.java:1355)
	at org.apache.hadoop.hdfs.DFSOutputStream$DataStreamer.closeResponder(DFSOutputStream.java:969)
	at org.apache.hadoop.hdfs.DFSOutputStream$DataStreamer.endBlock(DFSOutputStream.java:707)
	at org.apache.hadoop.hdfs.DFSOutputStream$DataStreamer.run(DFSOutputStream.java:896)
18/06/10 23:35:59 INFO db.DBInputFormat: Using read commited transaction isolation
18/06/10 23:35:59 INFO db.DataDrivenDBInputFormat: BoundingValsQuery: SELECT MIN(`id`), MAX(`id`) FROM `activitylog` WHERE ( `id` > 0 AND `id` <= 150 )
18/06/10 23:35:59 INFO db.IntegerSplitter: Split size: 37; Num splits: 4 from: 1 to: 150
18/06/10 23:35:59 INFO mapreduce.JobSubmitter: number of splits:4
18/06/10 23:35:59 INFO mapreduce.JobSubmitter: Submitting tokens for job: job_1528691956015_0006
18/06/10 23:35:59 INFO impl.YarnClientImpl: Submitted application application_1528691956015_0006
18/06/10 23:35:59 INFO mapreduce.Job: The url to track the job: http://quickstart.cloudera:8088/proxy/application_1528691956015_0006/
18/06/10 23:35:59 INFO mapreduce.Job: Running job: job_1528691956015_0006
18/06/10 23:36:07 INFO mapreduce.Job: Job job_1528691956015_0006 running in uber mode : false
18/06/10 23:36:07 INFO mapreduce.Job:  map 0% reduce 0%
18/06/10 23:36:18 INFO mapreduce.Job:  map 25% reduce 0%
18/06/10 23:36:19 INFO mapreduce.Job:  map 50% reduce 0%
18/06/10 23:36:20 INFO mapreduce.Job:  map 75% reduce 0%
18/06/10 23:36:21 INFO mapreduce.Job:  map 100% reduce 0%
18/06/10 23:36:21 INFO mapreduce.Job: Job job_1528691956015_0006 completed successfully
18/06/10 23:36:21 INFO mapreduce.Job: Counters: 30
	File System Counters
		FILE: Number of bytes read=0
		FILE: Number of bytes written=697540
		FILE: Number of read operations=0
		FILE: Number of large read operations=0
		FILE: Number of write operations=0
		HDFS: Number of bytes read=403
		HDFS: Number of bytes written=3606
		HDFS: Number of read operations=16
		HDFS: Number of large read operations=0
		HDFS: Number of write operations=8
	Job Counters 
		Launched map tasks=4
		Other local map tasks=4
		Total time spent by all maps in occupied slots (ms)=34214
		Total time spent by all reduces in occupied slots (ms)=0
		Total time spent by all map tasks (ms)=34214
		Total vcore-milliseconds taken by all map tasks=34214
		Total megabyte-milliseconds taken by all map tasks=35035136
	Map-Reduce Framework
		Map input records=150
		Map output records=150
		Input split bytes=403
		Spilled Records=0
		Failed Shuffles=0
		Merged Map outputs=0
		GC time elapsed (ms)=342
		CPU time spent (ms)=2900
		Physical memory (bytes) snapshot=833396736
		Virtual memory (bytes) snapshot=6267236352
		Total committed heap usage (bytes)=983564288
	File Input Format Counters 
		Bytes Read=0
	File Output Format Counters 
		Bytes Written=3606
18/06/10 23:36:21 INFO mapreduce.ImportJobBase: Transferred 3.5215 KB in 24.4023 seconds (147.7728 bytes/sec)
18/06/10 23:36:21 INFO mapreduce.ImportJobBase: Retrieved 150 records.
18/06/10 23:36:21 INFO util.AppendUtils: Creating missing output directory - activitylog
18/06/10 23:36:21 INFO manager.SqlManager: Executing SQL statement: SELECT t.* FROM `activitylog` AS t LIMIT 1
18/06/10 23:36:21 INFO hive.HiveImport: Loading uploaded data into Hive

Logging initialized using configuration in jar:file:/usr/lib/hive/lib/hive-common-1.1.0-cdh5.14.2.jar!/hive-log4j.properties
OK
Time taken: 1.708 seconds
Loading data to table default.activitylog
Table default.activitylog stats: [numFiles=4, totalSize=3606]
OK
Time taken: 0.507 seconds
ActivityLog job Ran Successfully............
