Creating backup of table user in hive
Warning: /usr/lib/sqoop/../accumulo does not exist! Accumulo imports will fail.
Please set $ACCUMULO_HOME to the root of your Accumulo installation.
18/06/10 23:35:21 INFO sqoop.Sqoop: Running Sqoop version: 1.4.6-cdh5.14.2
18/06/10 23:35:23 INFO manager.MySQLManager: Preparing to use a MySQL streaming resultset.
18/06/10 23:35:23 INFO tool.CodeGenTool: Beginning code generation
18/06/10 23:35:23 INFO manager.SqlManager: Executing SQL statement: SELECT t.* FROM `user` AS t LIMIT 1
18/06/10 23:35:23 INFO manager.SqlManager: Executing SQL statement: SELECT t.* FROM `user` AS t LIMIT 1
18/06/10 23:35:23 INFO orm.CompilationManager: HADOOP_MAPRED_HOME is /usr/lib/hadoop-mapreduce
Note: /tmp/sqoop-cloudera/compile/d4e771b4fa437651e440e39ef4f43729/user.java uses or overrides a deprecated API.
Note: Recompile with -Xlint:deprecation for details.
18/06/10 23:35:25 INFO orm.CompilationManager: Writing jar file: /tmp/sqoop-cloudera/compile/d4e771b4fa437651e440e39ef4f43729/user.jar
18/06/10 23:35:25 WARN manager.MySQLManager: It looks like you are importing from mysql.
18/06/10 23:35:25 WARN manager.MySQLManager: This transfer can be faster! Use the --direct
18/06/10 23:35:25 WARN manager.MySQLManager: option to exercise a MySQL-specific fast path.
18/06/10 23:35:25 INFO manager.MySQLManager: Setting zero DATETIME behavior to convertToNull (mysql)
18/06/10 23:35:25 INFO mapreduce.ImportJobBase: Beginning import of user
18/06/10 23:35:25 INFO Configuration.deprecation: mapred.job.tracker is deprecated. Instead, use mapreduce.jobtracker.address
18/06/10 23:35:25 INFO Configuration.deprecation: mapred.jar is deprecated. Instead, use mapreduce.job.jar
18/06/10 23:35:25 INFO Configuration.deprecation: mapred.map.tasks is deprecated. Instead, use mapreduce.job.maps
18/06/10 23:35:25 INFO client.RMProxy: Connecting to ResourceManager at /0.0.0.0:8032
18/06/10 23:35:25 WARN hdfs.DFSClient: Caught exception 
java.lang.InterruptedException
	at java.lang.Object.wait(Native Method)
	at java.lang.Thread.join(Thread.java:1281)
	at java.lang.Thread.join(Thread.java:1355)
	at org.apache.hadoop.hdfs.DFSOutputStream$DataStreamer.closeResponder(DFSOutputStream.java:969)
	at org.apache.hadoop.hdfs.DFSOutputStream$DataStreamer.endBlock(DFSOutputStream.java:707)
	at org.apache.hadoop.hdfs.DFSOutputStream$DataStreamer.run(DFSOutputStream.java:896)
18/06/10 23:35:25 WARN hdfs.DFSClient: Caught exception 
java.lang.InterruptedException
	at java.lang.Object.wait(Native Method)
	at java.lang.Thread.join(Thread.java:1281)
	at java.lang.Thread.join(Thread.java:1355)
	at org.apache.hadoop.hdfs.DFSOutputStream$DataStreamer.closeResponder(DFSOutputStream.java:969)
	at org.apache.hadoop.hdfs.DFSOutputStream$DataStreamer.endBlock(DFSOutputStream.java:707)
	at org.apache.hadoop.hdfs.DFSOutputStream$DataStreamer.run(DFSOutputStream.java:896)
18/06/10 23:35:26 WARN hdfs.DFSClient: Caught exception 
java.lang.InterruptedException
	at java.lang.Object.wait(Native Method)
	at java.lang.Thread.join(Thread.java:1281)
	at java.lang.Thread.join(Thread.java:1355)
	at org.apache.hadoop.hdfs.DFSOutputStream$DataStreamer.closeResponder(DFSOutputStream.java:969)
	at org.apache.hadoop.hdfs.DFSOutputStream$DataStreamer.endBlock(DFSOutputStream.java:707)
	at org.apache.hadoop.hdfs.DFSOutputStream$DataStreamer.run(DFSOutputStream.java:896)
18/06/10 23:35:26 INFO db.DBInputFormat: Using read commited transaction isolation
18/06/10 23:35:26 INFO db.DataDrivenDBInputFormat: BoundingValsQuery: SELECT MIN(`id`), MAX(`id`) FROM `user`
18/06/10 23:35:26 INFO db.IntegerSplitter: Split size: 7; Num splits: 4 from: 1 to: 30
18/06/10 23:35:26 INFO mapreduce.JobSubmitter: number of splits:4
18/06/10 23:35:26 INFO mapreduce.JobSubmitter: Submitting tokens for job: job_1528691956015_0005
18/06/10 23:35:27 INFO impl.YarnClientImpl: Submitted application application_1528691956015_0005
18/06/10 23:35:27 INFO mapreduce.Job: The url to track the job: http://quickstart.cloudera:8088/proxy/application_1528691956015_0005/
18/06/10 23:35:27 INFO mapreduce.Job: Running job: job_1528691956015_0005
18/06/10 23:35:34 INFO mapreduce.Job: Job job_1528691956015_0005 running in uber mode : false
18/06/10 23:35:34 INFO mapreduce.Job:  map 0% reduce 0%
18/06/10 23:35:46 INFO mapreduce.Job:  map 25% reduce 0%
18/06/10 23:35:47 INFO mapreduce.Job:  map 50% reduce 0%
18/06/10 23:35:48 INFO mapreduce.Job:  map 100% reduce 0%
18/06/10 23:35:48 INFO mapreduce.Job: Job job_1528691956015_0005 completed successfully
18/06/10 23:35:48 INFO mapreduce.Job: Counters: 30
	File System Counters
		FILE: Number of bytes read=0
		FILE: Number of bytes written=692952
		FILE: Number of read operations=0
		FILE: Number of large read operations=0
		FILE: Number of write operations=0
		HDFS: Number of bytes read=398
		HDFS: Number of bytes written=221
		HDFS: Number of read operations=16
		HDFS: Number of large read operations=0
		HDFS: Number of write operations=8
	Job Counters 
		Launched map tasks=4
		Other local map tasks=4
		Total time spent by all maps in occupied slots (ms)=34574
		Total time spent by all reduces in occupied slots (ms)=0
		Total time spent by all map tasks (ms)=34574
		Total vcore-milliseconds taken by all map tasks=34574
		Total megabyte-milliseconds taken by all map tasks=35403776
	Map-Reduce Framework
		Map input records=26
		Map output records=26
		Input split bytes=398
		Spilled Records=0
		Failed Shuffles=0
		Merged Map outputs=0
		GC time elapsed (ms)=357
		CPU time spent (ms)=2820
		Physical memory (bytes) snapshot=814821376
		Virtual memory (bytes) snapshot=6283161600
		Total committed heap usage (bytes)=766509056
	File Input Format Counters 
		Bytes Read=0
	File Output Format Counters 
		Bytes Written=221
18/06/10 23:35:48 INFO mapreduce.ImportJobBase: Transferred 221 bytes in 23.4443 seconds (9.4266 bytes/sec)
18/06/10 23:35:48 INFO mapreduce.ImportJobBase: Retrieved 26 records.
18/06/10 23:35:48 INFO manager.SqlManager: Executing SQL statement: SELECT t.* FROM `user` AS t LIMIT 1
18/06/10 23:35:48 INFO hive.HiveImport: Loading uploaded data into Hive

Logging initialized using configuration in jar:file:/usr/lib/hive/lib/hive-common-1.1.0-cdh5.14.2.jar!/hive-log4j.properties
OK
Time taken: 1.458 seconds
Loading data to table default.users
Table default.users stats: [numFiles=4, totalSize=221]
OK
Time taken: 0.602 seconds
Sqoop import command ran successfully
Backup Created
